# JRE version: OpenJDK Runtime Environment (8.0_212-b04) (build 1.8.0_212-release-1586-b04)
# Java VM: OpenJDK 64-Bit Server VM (25.212-b04 mixed mode windows-amd64 compressed oops)
Heap:
 PSYoungGen      total 152576K, used 95466K [0x00000000e0000000, 0x00000000eb280000, 0x0000000100000000)
  eden space 129536K, 56% used [0x00000000e0000000,0x00000000e4731ac8,0x00000000e7e80000)
  from space 23040K, 97% used [0x00000000e8200000,0x00000000e98090a8,0x00000000e9880000)
  to   space 26624K, 0% used [0x00000000e9880000,0x00000000e9880000,0x00000000eb280000)
 ParOldGen       total 122880K, used 35479K [0x00000000a0000000, 0x00000000a7800000, 0x00000000e0000000)
  object space 122880K, 28% used [0x00000000a0000000,0x00000000a22a5fb8,0x00000000a7800000)
 Metaspace       used 72278K, capacity 75068K, committed 75224K, reserved 1114112K
  class space    used 9574K, capacity 10165K, committed 10200K, reserved 1048576K
GC Heap History (10 events):
Event: 66.696 GC heap before
{Heap before GC invocations=20 (full 3):
 PSYoungGen      total 122880K, used 12726K [0x00000000e0000000, 0x00000000e9b00000, 0x0000000100000000)
  eden space 104960K, 0% used [0x00000000e0000000,0x00000000e0000000,0x00000000e6680000)
  from space 17920K, 71% used [0x00000000e6680000,0x00000000e72ed8f0,0x00000000e7800000)
  to   space 18944K, 0% used [0x00000000e8880000,0x00000000e8880000,0x00000000e9b00000)
 ParOldGen       total 81408K, used 27485K [0x00000000a0000000, 0x00000000a4f80000, 0x00000000e0000000)
  object space 81408K, 33% used [0x00000000a0000000,0x00000000a1ad7628,0x00000000a4f80000)
 Metaspace       used 57211K, capacity 59050K, committed 59096K, reserved 1099776K
  class space    used 7899K, capacity 8364K, committed 8408K, reserved 1048576K
Event: 67.333 GC heap after
Heap after GC invocations=20 (full 3):
 PSYoungGen      total 122880K, used 0K [0x00000000e0000000, 0x00000000e9b00000, 0x0000000100000000)
  eden space 104960K, 0% used [0x00000000e0000000,0x00000000e0000000,0x00000000e6680000)
  from space 17920K, 0% used [0x00000000e6680000,0x00000000e6680000,0x00000000e7800000)
  to   space 18944K, 0% used [0x00000000e8880000,0x00000000e8880000,0x00000000e9b00000)
 ParOldGen       total 122880K, used 32274K [0x00000000a0000000, 0x00000000a7800000, 0x00000000e0000000)
  object space 122880K, 26% used [0x00000000a0000000,0x00000000a1f84bc0,0x00000000a7800000)
 Metaspace       used 57183K, capacity 58976K, committed 59096K, reserved 1099776K
  class space    used 7891K, capacity 8349K, committed 8408K, reserved 1048576K
}
Event: 79.830 GC heap before
{Heap before GC invocations=21 (full 3):
 PSYoungGen      total 122880K, used 104960K [0x00000000e0000000, 0x00000000e9b00000, 0x0000000100000000)
  eden space 104960K, 100% used [0x00000000e0000000,0x00000000e6680000,0x00000000e6680000)
  from space 17920K, 0% used [0x00000000e6680000,0x00000000e6680000,0x00000000e7800000)
  to   space 18944K, 0% used [0x00000000e8880000,0x00000000e8880000,0x00000000e9b00000)
 ParOldGen       total 122880K, used 32274K [0x00000000a0000000, 0x00000000a7800000, 0x00000000e0000000)
  object space 122880K, 26% used [0x00000000a0000000,0x00000000a1f84bc0,0x00000000a7800000)
 Metaspace       used 59079K, capacity 61196K, committed 61400K, reserved 1101824K
  class space    used 8134K, capacity 8613K, committed 8664K, reserved 1048576K
Event: 79.907 GC heap after
Heap after GC invocations=21 (full 3):
 PSYoungGen      total 137728K, used 9228K [0x00000000e0000000, 0x00000000e9900000, 0x0000000100000000)
  eden space 120832K, 0% used [0x00000000e0000000,0x00000000e0000000,0x00000000e7600000)
  from space 16896K, 54% used [0x00000000e8880000,0x00000000e9183238,0x00000000e9900000)
  to   space 17920K, 0% used [0x00000000e7600000,0x00000000e7600000,0x00000000e8780000)
 ParOldGen       total 122880K, used 32282K [0x00000000a0000000, 0x00000000a7800000, 0x00000000e0000000)
  object space 122880K, 26% used [0x00000000a0000000,0x00000000a1f86bc0,0x00000000a7800000)
 Metaspace       used 59079K, capacity 61196K, committed 61400K, reserved 1101824K
  class space    used 8134K, capacity 8613K, committed 8664K, reserved 1048576K
}
Event: 95.645 GC heap before
{Heap before GC invocations=22 (full 3):
 PSYoungGen      total 137728K, used 130060K [0x00000000e0000000, 0x00000000e9900000, 0x0000000100000000)
  eden space 120832K, 100% used [0x00000000e0000000,0x00000000e7600000,0x00000000e7600000)
  from space 16896K, 54% used [0x00000000e8880000,0x00000000e9183238,0x00000000e9900000)
  to   space 17920K, 0% used [0x00000000e7600000,0x00000000e7600000,0x00000000e8780000)
 ParOldGen       total 122880K, used 32282K [0x00000000a0000000, 0x00000000a7800000, 0x00000000e0000000)
  object space 122880K, 26% used [0x00000000a0000000,0x00000000a1f86bc0,0x00000000a7800000)
 Metaspace       used 63374K, capacity 65532K, committed 65752K, reserved 1105920K
  class space    used 8655K, capacity 9109K, committed 9176K, reserved 1048576K
Event: 95.692 GC heap after
Heap after GC invocations=22 (full 3):
 PSYoungGen      total 138752K, used 14306K [0x00000000e0000000, 0x00000000eab80000, 0x0000000100000000)
  eden space 120832K, 0% used [0x00000000e0000000,0x00000000e0000000,0x00000000e7600000)
  from space 17920K, 79% used [0x00000000e7600000,0x00000000e83f8a58,0x00000000e8780000)
  to   space 19456K, 0% used [0x00000000e9880000,0x00000000e9880000,0x00000000eab80000)
 ParOldGen       total 122880K, used 32290K [0x00000000a0000000, 0x00000000a7800000, 0x00000000e0000000)
  object space 122880K, 26% used [0x00000000a0000000,0x00000000a1f88bc0,0x00000000a7800000)
 Metaspace       used 63374K, capacity 65532K, committed 65752K, reserved 1105920K
  class space    used 8655K, capacity 9109K, committed 9176K, reserved 1048576K
}
Event: 111.831 GC heap before
{Heap before GC invocations=23 (full 3):
 PSYoungGen      total 138752K, used 135138K [0x00000000e0000000, 0x00000000eab80000, 0x0000000100000000)
  eden space 120832K, 100% used [0x00000000e0000000,0x00000000e7600000,0x00000000e7600000)
  from space 17920K, 79% used [0x00000000e7600000,0x00000000e83f8a58,0x00000000e8780000)
  to   space 19456K, 0% used [0x00000000e9880000,0x00000000e9880000,0x00000000eab80000)
 ParOldGen       total 122880K, used 32290K [0x00000000a0000000, 0x00000000a7800000, 0x00000000e0000000)
  object space 122880K, 26% used [0x00000000a0000000,0x00000000a1f88bc0,0x00000000a7800000)
 Metaspace       used 67381K, capacity 69964K, committed 70232K, reserved 1110016K
  class space    used 9226K, capacity 9785K, committed 9816K, reserved 1048576K
Event: 111.914 GC heap after
Heap after GC invocations=23 (full 3):
 PSYoungGen      total 152576K, used 19441K [0x00000000e0000000, 0x00000000eb180000, 0x0000000100000000)
  eden space 133120K, 0% used [0x00000000e0000000,0x00000000e0000000,0x00000000e8200000)
  from space 19456K, 99% used [0x00000000e9880000,0x00000000eab7c5e0,0x00000000eab80000)
  to   space 23040K, 0% used [0x00000000e8200000,0x00000000e8200000,0x00000000e9880000)
 ParOldGen       total 122880K, used 35471K [0x00000000a0000000, 0x00000000a7800000, 0x00000000e0000000)
  object space 122880K, 28% used [0x00000000a0000000,0x00000000a22a3fb8,0x00000000a7800000)
 Metaspace       used 67381K, capacity 69964K, committed 70232K, reserved 1110016K
  class space    used 9226K, capacity 9785K, committed 9816K, reserved 1048576K
}
Event: 4640.726 GC heap before
{Heap before GC invocations=24 (full 3):
 PSYoungGen      total 152576K, used 152561K [0x00000000e0000000, 0x00000000eb180000, 0x0000000100000000)
  eden space 133120K, 100% used [0x00000000e0000000,0x00000000e8200000,0x00000000e8200000)
  from space 19456K, 99% used [0x00000000e9880000,0x00000000eab7c5e0,0x00000000eab80000)
  to   space 23040K, 0% used [0x00000000e8200000,0x00000000e8200000,0x00000000e9880000)
 ParOldGen       total 122880K, used 35471K [0x00000000a0000000, 0x00000000a7800000, 0x00000000e0000000)
  object space 122880K, 28% used [0x00000000a0000000,0x00000000a22a3fb8,0x00000000a7800000)
 Metaspace       used 71679K, capacity 74310K, committed 74456K, reserved 1114112K
  class space    used 9530K, capacity 10128K, committed 10200K, reserved 1048576K
Event: 4641.755 GC heap after
Heap after GC invocations=24 (full 3):
 PSYoungGen      total 152576K, used 22564K [0x00000000e0000000, 0x00000000eb280000, 0x0000000100000000)
  eden space 129536K, 0% used [0x00000000e0000000,0x00000000e0000000,0x00000000e7e80000)
  from space 23040K, 97% used [0x00000000e8200000,0x00000000e98090a8,0x00000000e9880000)
  to   space 26624K, 0% used [0x00000000e9880000,0x00000000e9880000,0x00000000eb280000)
 ParOldGen       total 122880K, used 35479K [0x00000000a0000000, 0x00000000a7800000, 0x00000000e0000000)
  object space 122880K, 28% used [0x00000000a0000000,0x00000000a22a5fb8,0x00000000a7800000)
 Metaspace       used 71679K, capacity 74310K, committed 74456K, reserved 1114112K
  class space    used 9530K, capacity 10128K, committed 10200K, reserved 1048576K
}

